
11:00:19 [browserstack_sdk.__init__][INFO] - Project and debug logs are captured by default. To disable, set disableAutoCaptureLogs: true in config.

11:00:24 [browserstack_sdk.__init__][INFO] - Setting up for Browserstack, using framework: robot
==============================================================================
UI                                                                            
==============================================================================
UI.Raspberry Product :: Verification of the Raspberry product description     
==============================================================================

11:00:26 [selenium.webdriver.common.selenium_manager][WARNING] - The chromedriver version (125.0.6422.76) detected in PATH at C:\Drivers\chromedriver.exe might not be compatible with the detected chrome version (126.0.6478.63); currently, chromedriver 126.0.6478.62 is recommended for chrome 126.*, so it is advised to delete the driver in PATH and retry

11:00:26 [browserstack_sdk.__init__][INFO] - Completed setup!
Verification of the Raspberry product description on mobile           | PASS |
------------------------------------------------------------------------------
UI.Raspberry Product :: Verification of the Raspberry product desc... | PASS |
1 test, 1 passed, 0 failed
==============================================================================
UI                                                                    | PASS |
1 test, 1 passed, 0 failed
==============================================================================
Output:  C:\Users\Prateek\Downloads\PROJECTS\browserstack-robot Framework\robot-browserstack-sdkLatest\robot-browserstack-sdkLatest\robot-browserstack-sdkLatest\pabot_results\2\output.xml

11:01:30 [browserstack_sdk.__init__][INFO] - Handling session close

11:01:30 [browserstack_sdk.__init__][INFO] - All done!
